# JRE version: Java(TM) SE Runtime Environment (8.0_221-b11) (build 1.8.0_221-b11)
# Java VM: Java HotSpot(TM) 64-Bit Server VM (25.221-b11 mixed mode windows-amd64 compressed oops)
Heap:
 PSYoungGen      total 78848K, used 48965K [0x00000000d5580000, 0x00000000daf00000, 0x0000000100000000)
  eden space 66560K, 73% used [0x00000000d5580000,0x00000000d85516e8,0x00000000d9680000)
  from space 12288K, 0% used [0x00000000da280000,0x00000000da280000,0x00000000dae80000)
  to   space 12288K, 0% used [0x00000000d9680000,0x00000000d9680000,0x00000000da280000)
 ParOldGen       total 105472K, used 73462K [0x0000000080000000, 0x0000000086700000, 0x00000000d5580000)
  object space 105472K, 69% used [0x0000000080000000,0x00000000847bda60,0x0000000086700000)
 Metaspace       used 70938K, capacity 76880K, committed 77096K, reserved 1114112K
  class space    used 9929K, capacity 11515K, committed 11560K, reserved 1048576K
GC Heap History (10 events):
Event: 595.714 GC heap before
{Heap before GC invocations=84 (full 5):
 PSYoungGen      total 57856K, used 5790K [0x00000000d5580000, 0x00000000d9e80000, 0x0000000100000000)
  eden space 49664K, 0% used [0x00000000d5580000,0x00000000d5580000,0x00000000d8600000)
  from space 8192K, 70% used [0x00000000d8600000,0x00000000d8ba7af0,0x00000000d8e00000)
  to   space 8192K, 0% used [0x00000000d9680000,0x00000000d9680000,0x00000000d9e80000)
 ParOldGen       total 64512K, used 60816K [0x0000000080000000, 0x0000000083f00000, 0x00000000d5580000)
  object space 64512K, 94% used [0x0000000080000000,0x0000000083b642c0,0x0000000083f00000)
 Metaspace       used 65083K, capacity 69450K, committed 69672K, reserved 1107968K
  class space    used 9109K, capacity 10207K, committed 10280K, reserved 1048576K
Event: 595.894 GC heap after
Heap after GC invocations=84 (full 5):
 PSYoungGen      total 57856K, used 0K [0x00000000d5580000, 0x00000000d9e80000, 0x0000000100000000)
  eden space 49664K, 0% used [0x00000000d5580000,0x00000000d5580000,0x00000000d8600000)
  from space 8192K, 0% used [0x00000000d8600000,0x00000000d8600000,0x00000000d8e00000)
  to   space 8192K, 0% used [0x00000000d9680000,0x00000000d9680000,0x00000000d9e80000)
 ParOldGen       total 79872K, used 55982K [0x0000000080000000, 0x0000000084e00000, 0x00000000d5580000)
  object space 79872K, 70% used [0x0000000080000000,0x00000000836aba10,0x0000000084e00000)
 Metaspace       used 65083K, capacity 69450K, committed 69672K, reserved 1107968K
  class space    used 9109K, capacity 10207K, committed 10280K, reserved 1048576K
}
Event: 598.054 GC heap before
{Heap before GC invocations=85 (full 5):
 PSYoungGen      total 57856K, used 49664K [0x00000000d5580000, 0x00000000d9e80000, 0x0000000100000000)
  eden space 49664K, 100% used [0x00000000d5580000,0x00000000d8600000,0x00000000d8600000)
  from space 8192K, 0% used [0x00000000d8600000,0x00000000d8600000,0x00000000d8e00000)
  to   space 8192K, 0% used [0x00000000d9680000,0x00000000d9680000,0x00000000d9e80000)
 ParOldGen       total 79872K, used 55982K [0x0000000080000000, 0x0000000084e00000, 0x00000000d5580000)
  object space 79872K, 70% used [0x0000000080000000,0x00000000836aba10,0x0000000084e00000)
 Metaspace       used 66404K, capacity 71184K, committed 71208K, reserved 1110016K
  class space    used 9321K, capacity 10523K, committed 10536K, reserved 1048576K
Event: 598.064 GC heap after
Heap after GC invocations=85 (full 5):
 PSYoungGen      total 66048K, used 7124K [0x00000000d5580000, 0x00000000d9f00000, 0x0000000100000000)
  eden space 57856K, 0% used [0x00000000d5580000,0x00000000d5580000,0x00000000d8e00000)
  from space 8192K, 86% used [0x00000000d9680000,0x00000000d9d75140,0x00000000d9e80000)
  to   space 8704K, 0% used [0x00000000d8e00000,0x00000000d8e00000,0x00000000d9680000)
 ParOldGen       total 79872K, used 55990K [0x0000000080000000, 0x0000000084e00000, 0x00000000d5580000)
  object space 79872K, 70% used [0x0000000080000000,0x00000000836ada10,0x0000000084e00000)
 Metaspace       used 66404K, capacity 71184K, committed 71208K, reserved 1110016K
  class space    used 9321K, capacity 10523K, committed 10536K, reserved 1048576K
}
Event: 603.660 GC heap before
{Heap before GC invocations=86 (full 5):
 PSYoungGen      total 66048K, used 64980K [0x00000000d5580000, 0x00000000d9f00000, 0x0000000100000000)
  eden space 57856K, 100% used [0x00000000d5580000,0x00000000d8e00000,0x00000000d8e00000)
  from space 8192K, 86% used [0x00000000d9680000,0x00000000d9d75140,0x00000000d9e80000)
  to   space 8704K, 0% used [0x00000000d8e00000,0x00000000d8e00000,0x00000000d9680000)
 ParOldGen       total 79872K, used 55990K [0x0000000080000000, 0x0000000084e00000, 0x00000000d5580000)
  object space 79872K, 70% used [0x0000000080000000,0x00000000836ada10,0x0000000084e00000)
 Metaspace       used 67527K, capacity 72906K, committed 73128K, reserved 1112064K
  class space    used 9449K, capacity 10901K, committed 10920K, reserved 1048576K
Event: 603.676 GC heap after
Heap after GC invocations=86 (full 5):
 PSYoungGen      total 66560K, used 8704K [0x00000000d5580000, 0x00000000dae80000, 0x0000000100000000)
  eden space 57856K, 0% used [0x00000000d5580000,0x00000000d5580000,0x00000000d8e00000)
  from space 8704K, 100% used [0x00000000d8e00000,0x00000000d9680000,0x00000000d9680000)
  to   space 12288K, 0% used [0x00000000da280000,0x00000000da280000,0x00000000dae80000)
 ParOldGen       total 79872K, used 62729K [0x0000000080000000, 0x0000000084e00000, 0x00000000d5580000)
  object space 79872K, 78% used [0x0000000080000000,0x0000000083d42460,0x0000000084e00000)
 Metaspace       used 67527K, capacity 72906K, committed 73128K, reserved 1112064K
  class space    used 9449K, capacity 10901K, committed 10920K, reserved 1048576K
}
Event: 605.722 GC heap before
{Heap before GC invocations=87 (full 5):
 PSYoungGen      total 66560K, used 66560K [0x00000000d5580000, 0x00000000dae80000, 0x0000000100000000)
  eden space 57856K, 100% used [0x00000000d5580000,0x00000000d8e00000,0x00000000d8e00000)
  from space 8704K, 100% used [0x00000000d8e00000,0x00000000d9680000,0x00000000d9680000)
  to   space 12288K, 0% used [0x00000000da280000,0x00000000da280000,0x00000000dae80000)
 ParOldGen       total 79872K, used 62729K [0x0000000080000000, 0x0000000084e00000, 0x00000000d5580000)
  object space 79872K, 78% used [0x0000000080000000,0x0000000083d42460,0x0000000084e00000)
 Metaspace       used 69831K, capacity 75498K, committed 75688K, reserved 1114112K
  class space    used 9757K, capacity 11305K, committed 11432K, reserved 1048576K
Event: 605.739 GC heap after
Heap after GC invocations=87 (full 5):
 PSYoungGen      total 78848K, used 7470K [0x00000000d5580000, 0x00000000daf00000, 0x0000000100000000)
  eden space 66560K, 0% used [0x00000000d5580000,0x00000000d5580000,0x00000000d9680000)
  from space 12288K, 60% used [0x00000000da280000,0x00000000da9cb9b0,0x00000000dae80000)
  to   space 12288K, 0% used [0x00000000d9680000,0x00000000d9680000,0x00000000da280000)
 ParOldGen       total 79872K, used 71449K [0x0000000080000000, 0x0000000084e00000, 0x00000000d5580000)
  object space 79872K, 89% used [0x0000000080000000,0x00000000845c6768,0x0000000084e00000)
 Metaspace       used 69831K, capacity 75498K, committed 75688K, reserved 1114112K
  class space    used 9757K, capacity 11305K, committed 11432K, reserved 1048576K
}
Event: 605.739 GC heap before
{Heap before GC invocations=88 (full 6):
 PSYoungGen      total 78848K, used 7470K [0x00000000d5580000, 0x00000000daf00000, 0x0000000100000000)
  eden space 66560K, 0% used [0x00000000d5580000,0x00000000d5580000,0x00000000d9680000)
  from space 12288K, 60% used [0x00000000da280000,0x00000000da9cb9b0,0x00000000dae80000)
  to   space 12288K, 0% used [0x00000000d9680000,0x00000000d9680000,0x00000000da280000)
 ParOldGen       total 79872K, used 71449K [0x0000000080000000, 0x0000000084e00000, 0x00000000d5580000)
  object space 79872K, 89% used [0x0000000080000000,0x00000000845c6768,0x0000000084e00000)
 Metaspace       used 69831K, capacity 75498K, committed 75688K, reserved 1114112K
  class space    used 9757K, capacity 11305K, committed 11432K, reserved 1048576K
Event: 606.114 GC heap after
Heap after GC invocations=88 (full 6):
 PSYoungGen      total 78848K, used 0K [0x00000000d5580000, 0x00000000daf00000, 0x0000000100000000)
  eden space 66560K, 0% used [0x00000000d5580000,0x00000000d5580000,0x00000000d9680000)
  from space 12288K, 0% used [0x00000000da280000,0x00000000da280000,0x00000000dae80000)
  to   space 12288K, 0% used [0x00000000d9680000,0x00000000d9680000,0x00000000da280000)
 ParOldGen       total 105472K, used 73462K [0x0000000080000000, 0x0000000086700000, 0x00000000d5580000)
  object space 105472K, 69% used [0x0000000080000000,0x00000000847bda60,0x0000000086700000)
 Metaspace       used 69831K, capacity 75498K, committed 75688K, reserved 1114112K
  class space    used 9757K, capacity 11305K, committed 11432K, reserved 1048576K
}

